[15:03:12.966] [32mINFO[39m (11496): [36mServer listening[39m
    [35mport[39m: 8080
[15:05:52.267] [32mINFO[39m (11496): [36mrequest completed[39m
    [35mreq[39m: {
      "id": 1,
      "method": "GET",
      "url": "/healthz"
    }
    [35mres[39m: {
      "statusCode": 404
    }
    [35mresponseTime[39m: 5
[15:05:58.672] [32mINFO[39m (11496): [36mrequest completed[39m
    [35mreq[39m: {
      "id": 2,
      "method": "GET",
      "url": "/api/healthz"
    }
    [35mres[39m: {
      "statusCode": 200
    }
    [35mresponseTime[39m: 4
[15:07:57.012] [32mINFO[39m (11496): [36mrequest completed[39m
    [35mreq[39m: {
      "id": 3,
      "method": "GET",
      "url": "/api/stats/platform"
    }
    [35mres[39m: {
      "statusCode": 200
    }
    [35mresponseTime[39m: 3898
[15:07:57.028] [32mINFO[39m (11496): [36mrequest completed[39m
    [35mreq[39m: {
      "id": 4,
      "method": "GET",
      "url": "/api/tracks"
    }
    [35mres[39m: {
      "statusCode": 304
    }
    [35mresponseTime[39m: 993
[15:07:58.866] [32mINFO[39m (11496): [36mrequest completed[39m
    [35mreq[39m: {
      "id": 5,
      "method": "GET",
      "url": "/api/tracks/%D8%A7%D8%B3%D8%A7%D8%B3%D9%8A%D8%A7%D8%AA-%D8%A7%D9%84%D8%A8%D8%B1%D9%85%D8%AC%D8%A9"
    }
    [35mres[39m: {
      "statusCode": 200
    }
    [35mresponseTime[39m: 950
[15:07:59.377] [32mINFO[39m (11496): [36mrequest completed[39m
    [35mreq[39m: {
      "id": 6,
      "method": "GET",
      "url": "/api/tracks/%D8%A7%D8%B3%D8%A7%D8%B3%D9%8A%D8%A7%D8%AA-%D8%A7%D9%84%D8%A8%D8%B1%D9%85%D8%AC%D8%A9/progress"
    }
    [35mres[39m: {
      "statusCode": 200
    }
    [35mresponseTime[39m: 1459
[15:09:17.815] [32mINFO[39m (11496): [36mrequest completed[39m
    [35mreq[39m: {
      "id": 7,
      "method": "GET",
      "url": "/api/healthz"
    }
    [35mres[39m: {
      "statusCode": 200
    }
    [35mresponseTime[39m: 2
[15:09:36.809] [32mINFO[39m (11496): [36mrequest completed[39m
    [35mreq[39m: {
      "id": 8,
      "method": "GET",
      "url": "/api/healthz"
    }
    [35mres[39m: {
      "statusCode": 200
    }
    [35mresponseTime[39m: 1
[15:09:40.606] [32mINFO[39m (11496): [36mrequest completed[39m
    [35mreq[39m: {
      "id": 9,
      "method": "GET",
      "url": "/"
    }
    [35mres[39m: {
      "statusCode": 404
    }
    [35mresponseTime[39m: 2
[15:10:24.572] [32mINFO[39m (11496): [36mrequest completed[39m
    [35mreq[39m: {
      "id": 11,
      "method": "GET",
      "url": "/api/tracks/%D8%A7%D8%B3%D8%A7%D8%B3%D9%8A%D8%A7%D8%AA-%D8%A7%D9%84%D8%A8%D8%B1%D9%85%D8%AC%D8%A9"
    }
    [35mres[39m: {
      "statusCode": 304
    }
    [35mresponseTime[39m: 1016
[15:10:25.155] [32mINFO[39m (11496): [36mrequest completed[39m
    [35mreq[39m: {
      "id": 10,
      "method": "GET",
      "url": "/api/tracks/%D8%A7%D8%B3%D8%A7%D8%B3%D9%8A%D8%A7%D8%AA-%D8%A7%D9%84%D8%A8%D8%B1%D9%85%D8%AC%D8%A9/progress"
    }
    [35mres[39m: {
      "statusCode": 200
    }
    [35mresponseTime[39m: 1601
[15:10:26.479] [32mINFO[39m (11496): [36mrequest completed[39m
    [35mreq[39m: {
      "id": 13,
      "method": "GET",
      "url": "/api/tracks"
    }
    [35mres[39m: {
      "statusCode": 304
    }
    [35mresponseTime[39m: 975
[15:10:27.020] [32mINFO[39m (11496): [36mrequest completed[39m
    [35mreq[39m: {
      "id": 12,
      "method": "GET",
      "url": "/api/stats/platform"
    }
    [35mres[39m: {
      "statusCode": 200
    }
    [35mresponseTime[39m: 2995
[15:10:28.737] [32mINFO[39m (11496): [36mrequest completed[39m
    [35mreq[39m: {
      "id": 14,
      "method": "GET",
      "url": "/api/tracks/%D8%A7%D8%B3%D8%A7%D8%B3%D9%8A%D8%A7%D8%AA-%D8%A7%D9%84%D8%A8%D8%B1%D9%85%D8%AC%D8%A9"
    }
    [35mres[39m: {
      "statusCode": 304
    }
    [35mresponseTime[39m: 1311
[15:10:29.520] [32mINFO[39m (11496): [36mrequest completed[39m
    [35mreq[39m: {
      "id": 15,
      "method": "GET",
      "url": "/api/tracks/%D8%A7%D8%B3%D8%A7%D8%B3%D9%8A%D8%A7%D8%AA-%D8%A7%D9%84%D8%A8%D8%B1%D9%85%D8%AC%D8%A9/progress"
    }
    [35mres[39m: {
      "statusCode": 304
    }
    [35mresponseTime[39m: 2092
[15:16:30.286] [32mINFO[39m (11496): [36mrequest completed[39m
    [35mreq[39m: {
      "id": 16,
      "method": "GET",
      "url": "/api/tracks"
    }
    [35mres[39m: {
      "statusCode": 200
    }
    [35mresponseTime[39m: 1071
[15:16:37.493] [32mINFO[39m (11496): [36mrequest completed[39m
    [35mreq[39m: {
      "id": 17,
      "method": "GET",
      "url": "/api/tracks/test-track"
    }
    [35mres[39m: {
      "statusCode": 200
    }
    [35mresponseTime[39m: 1005
[15:22:37.314] [32mINFO[39m (11496): [36mrequest completed[39m
    [35mreq[39m: {
      "id": 18,
      "method": "GET",
      "url": "/api/healthz"
    }
    [35mres[39m: {
      "statusCode": 200
    }
    [35mresponseTime[39m: 2
[15:23:28.801] [32mINFO[39m (11496): [36mrequest completed[39m
    [35mreq[39m: {
      "id": 20,
      "method": "GET",
      "url": "/api/tracks/%D8%A7%D8%B3%D8%A7%D8%B3%D9%8A%D8%A7%D8%AA-%D8%A7%D9%84%D8%A8%D8%B1%D9%85%D8%AC%D8%A9"
    }
    [35mres[39m: {
      "statusCode": 304
    }
    [35mresponseTime[39m: 1028
[15:23:29.110] [32mINFO[39m (11496): [36mrequest completed[39m
    [35mreq[39m: {
      "id": 21,
      "method": "GET",
      "url": "/api/tracks/%D8%A7%D8%B3%D8%A7%D8%B3%D9%8A%D8%A7%D8%AA-%D8%A7%D9%84%D8%A8%D8%B1%D9%85%D8%AC%D8%A9"
    }
    [35mres[39m: {
      "statusCode": 200
    }
    [35mresponseTime[39m: 1141
[15:23:29.233] [32mINFO[39m (11496): [36mrequest completed[39m
    [35mreq[39m: {
      "id": 19,
      "method": "GET",
      "url": "/api/tracks/%D8%A7%D8%B3%D8%A7%D8%B3%D9%8A%D8%A7%D8%AA-%D8%A7%D9%84%D8%A8%D8%B1%D9%85%D8%AC%D8%A9/progress"
    }
    [35mres[39m: {
      "statusCode": 200
    }
    [35mresponseTime[39m: 1464
[15:23:29.588] [32mINFO[39m (11496): [36mrequest completed[39m
    [35mreq[39m: {
      "id": 22,
      "method": "GET",
      "url": "/api/tracks/%D8%A7%D8%B3%D8%A7%D8%B3%D9%8A%D8%A7%D8%AA-%D8%A7%D9%84%D8%A8%D8%B1%D9%85%D8%AC%D8%A9/progress"
    }
    [35mres[39m: {
      "statusCode": 200
    }
    [35mresponseTime[39m: 1587
[15:23:33.627] [32mINFO[39m (11496): [36mrequest completed[39m
    [35mreq[39m: {
      "id": 23,
      "method": "GET",
      "url": "/api/video-stream"
    }
    [35mres[39m: {
      "statusCode": 206
    }
    [35mresponseTime[39m: 2016
[15:23:34.072] [32mINFO[39m (11496): [36mrequest completed[39m
    [35mreq[39m: {
      "id": 24,
      "method": "GET",
      "url": "/api/video-stream"
    }
    [35mres[39m: {
      "statusCode": 206
    }
    [35mresponseTime[39m: 1113
[15:23:35.756] [32mINFO[39m (11496): [36mrequest completed[39m
    [35mreq[39m: {
      "id": 25,
      "method": "GET",
      "url": "/api/video-stream"
    }
    [35mres[39m: {
      "statusCode": 206
    }
    [35mresponseTime[39m: 1679
[15:24:06.795] [32mINFO[39m (11496): [36mrequest completed[39m
    [35mreq[39m: {
      "id": 26,
      "method": "GET",
      "url": "/api/tracks"
    }
    [35mres[39m: {
      "statusCode": 304
    }
    [35mresponseTime[39m: 975
[15:24:12.124] [32mINFO[39m (11496): [36mrequest completed[39m
    [35mreq[39m: {
      "id": 28,
      "method": "GET",
      "url": "/api/workshops"
    }
    [35mres[39m: {
      "statusCode": 304
    }
    [35mresponseTime[39m: 542
[15:24:12.346] [32mINFO[39m (11496): [36mrequest completed[39m
    [35mreq[39m: {
      "id": 27,
      "method": "GET",
      "url": "/api/tracks"
    }
    [35mres[39m: {
      "statusCode": 304
    }
    [35mresponseTime[39m: 1079
[15:24:12.605] [32mINFO[39m (11496): [36mrequest completed[39m
    [35mreq[39m: {
      "id": 29,
      "method": "GET",
      "url": "/api/users"
    }
    [35mres[39m: {
      "statusCode": 304
    }
    [35mresponseTime[39m: 1022
[15:24:12.622] [32mINFO[39m (11496): [36mrequest completed[39m
    [35mreq[39m: {
      "id": 30,
      "method": "GET",
      "url": "/api/certificates"
    }
    [35mres[39m: {
      "statusCode": 200
    }
    [35mresponseTime[39m: 1036
[15:24:29.449] [32mINFO[39m (11496): [36mrequest completed[39m
    [35mreq[39m: {
      "id": 32,
      "method": "GET",
      "url": "/api/workshops"
    }
    [35mres[39m: {
      "statusCode": 304
    }
    [35mresponseTime[39m: 754
[15:24:29.923] [32mINFO[39m (11496): [36mrequest completed[39m
    [35mreq[39m: {
      "id": 31,
      "method": "GET",
      "url": "/api/users"
    }
    [35mres[39m: {
      "statusCode": 304
    }
    [35mresponseTime[39m: 1231
[15:24:29.938] [32mINFO[39m (11496): [36mrequest completed[39m
    [35mreq[39m: {
      "id": 33,
      "method": "GET",
      "url": "/api/tracks"
    }
    [35mres[39m: {
      "statusCode": 304
    }
    [35mresponseTime[39m: 1242
[15:24:29.940] [32mINFO[39m (11496): [36mrequest completed[39m
    [35mreq[39m: {
      "id": 34,
      "method": "GET",
      "url": "/api/certificates"
    }
    [35mres[39m: {
      "statusCode": 200
    }
    [35mresponseTime[39m: 1243
[15:25:52.163] [32mINFO[39m (11496): [36mrequest completed[39m
    [35mreq[39m: {
      "id": 35,
      "method": "GET",
      "url": "/api/workshops"
    }
    [35mres[39m: {
      "statusCode": 304
    }
    [35mresponseTime[39m: 477
[15:25:52.722] [32mINFO[39m (11496): [36mrequest completed[39m
    [35mreq[39m: {
      "id": 36,
      "method": "GET",
      "url": "/api/certificates"
    }
    [35mres[39m: {
      "statusCode": 200
    }
    [35mresponseTime[39m: 1034
[15:25:52.724] [32mINFO[39m (11496): [36mrequest completed[39m
    [35mreq[39m: {
      "id": 37,
      "method": "GET",
      "url": "/api/tracks"
    }
    [35mres[39m: {
      "statusCode": 304
    }
    [35mresponseTime[39m: 1032
[15:25:52.727] [32mINFO[39m (11496): [36mrequest completed[39m
    [35mreq[39m: {
      "id": 38,
      "method": "GET",
      "url": "/api/users"
    }
    [35mres[39m: {
      "statusCode": 304
    }
    [35mresponseTime[39m: 1033
[15:26:09.348] [32mINFO[39m (11496): [36mrequest completed[39m
    [35mreq[39m: {
      "id": 40,
      "method": "GET",
      "url": "/api/workshops"
    }
    [35mres[39m: {
      "statusCode": 304
    }
    [35mresponseTime[39m: 602
[15:26:09.483] [32mINFO[39m (11496): [36mrequest completed[39m
    [35mreq[39m: {
      "id": 39,
      "method": "GET",
      "url": "/api/users"
    }
    [35mres[39m: {
      "statusCode": 304
    }
    [35mresponseTime[39m: 1052
[15:26:09.823] [32mINFO[39m (11496): [36mrequest completed[39m
    [35mreq[39m: {
      "id": 41,
      "method": "GET",
      "url": "/api/tracks"
    }
    [35mres[39m: {
      "statusCode": 304
    }
    [35mresponseTime[39m: 1077
[15:26:09.827] [32mINFO[39m (11496): [36mrequest completed[39m
    [35mreq[39m: {
      "id": 42,
      "method": "GET",
      "url": "/api/certificates"
    }
    [35mres[39m: {
      "statusCode": 200
    }
    [35mresponseTime[39m: 1080
[15:35:12.908] [32mINFO[39m (11496): [36mrequest completed[39m
    [35mreq[39m: {
      "id": 44,
      "method": "GET",
      "url": "/api/workshops"
    }
    [35mres[39m: {
      "statusCode": 304
    }
    [35mresponseTime[39m: 525
[15:35:13.377] [32mINFO[39m (11496): [36mrequest completed[39m
    [35mreq[39m: {
      "id": 43,
      "method": "GET",
      "url": "/api/users"
    }
    [35mres[39m: {
      "statusCode": 304
    }
    [35mresponseTime[39m: 997
[15:35:13.432] [32mINFO[39m (11496): [36mrequest completed[39m
    [35mreq[39m: {
      "id": 45,
      "method": "GET",
      "url": "/api/tracks"
    }
    [35mres[39m: {
      "statusCode": 304
    }
    [35mresponseTime[39m: 948
[15:35:13.644] [32mINFO[39m (11496): [36mrequest completed[39m
    [35mreq[39m: {
      "id": 46,
      "method": "GET",
      "url": "/api/certificates"
    }
    [35mres[39m: {
      "statusCode": 200
    }
    [35mresponseTime[39m: 952
[15:35:47.129] [32mINFO[39m (11496): [36mrequest completed[39m
    [35mreq[39m: {
      "id": 47,
      "method": "POST",
      "url": "/api/certificates"
    }
    [35mres[39m: {
      "statusCode": 201
    }
    [35mresponseTime[39m: 1452
[15:35:48.213] [32mINFO[39m (11496): [36mrequest completed[39m
    [35mreq[39m: {
      "id": 48,
      "method": "GET",
      "url": "/api/certificates"
    }
    [35mres[39m: {
      "statusCode": 200
    }
    [35mresponseTime[39m: 1076
[15:35:54.071] [32mINFO[39m (11496): [36mrequest completed[39m
    [35mreq[39m: {
      "id": 49,
      "method": "DELETE",
      "url": "/api/certificates/2"
    }
    [35mres[39m: {
      "statusCode": 200
    }
    [35mresponseTime[39m: 1878
[15:35:55.017] [32mINFO[39m (11496): [36mrequest completed[39m
    [35mreq[39m: {
      "id": 50,
      "method": "GET",
      "url": "/api/certificates"
    }
    [35mres[39m: {
      "statusCode": 200
    }
    [35mresponseTime[39m: 938
[15:51:37.323] [32mINFO[39m (11496): [36mrequest completed[39m
    [35mreq[39m: {
      "id": 52,
      "method": "GET",
      "url": "/api/workshops"
    }
    [35mres[39m: {
      "statusCode": 304
    }
    [35mresponseTime[39m: 472
[15:51:37.786] [32mINFO[39m (11496): [36mrequest completed[39m
    [35mreq[39m: {
      "id": 51,
      "method": "GET",
      "url": "/api/users"
    }
    [35mres[39m: {
      "statusCode": 304
    }
    [35mresponseTime[39m: 939
[15:51:37.860] [32mINFO[39m (11496): [36mrequest completed[39m
    [35mreq[39m: {
      "id": 53,
      "method": "GET",
      "url": "/api/tracks"
    }
    [35mres[39m: {
      "statusCode": 304
    }
    [35mresponseTime[39m: 934
[15:51:38.089] [32mINFO[39m (11496): [36mrequest completed[39m
    [35mreq[39m: {
      "id": 54,
      "method": "GET",
      "url": "/api/certificates"
    }
    [35mres[39m: {
      "statusCode": 200
    }
    [35mresponseTime[39m: 935
[15:51:51.054] [32mINFO[39m (11496): [36mrequest completed[39m
    [35mreq[39m: {
      "id": 55,
      "method": "GET",
      "url": "/api/workshops"
    }
    [35mres[39m: {
      "statusCode": 304
    }
    [35mresponseTime[39m: 502
[15:51:51.624] [32mINFO[39m (11496): [36mrequest completed[39m
    [35mreq[39m: {
      "id": 56,
      "method": "GET",
      "url": "/api/tracks"
    }
    [35mres[39m: {
      "statusCode": 304
    }
    [35mresponseTime[39m: 959
[15:51:51.629] [32mINFO[39m (11496): [36mrequest completed[39m
    [35mreq[39m: {
      "id": 57,
      "method": "GET",
      "url": "/api/certificates"
    }
    [35mres[39m: {
      "statusCode": 200
    }
    [35mresponseTime[39m: 963
[15:52:14.544] [32mINFO[39m (11496): [36mrequest completed[39m
    [35mreq[39m: {
      "id": 59,
      "method": "GET",
      "url": "/api/workshops"
    }
    [35mres[39m: {
      "statusCode": 304
    }
    [35mresponseTime[39m: 469
[15:52:14.699] [32mINFO[39m (11496): [36mrequest completed[39m
    [35mreq[39m: {
      "id": 58,
      "method": "GET",
      "url": "/api/users"
    }
    [35mres[39m: {
      "statusCode": 304
    }
    [35mresponseTime[39m: 937
[15:52:15.016] [32mINFO[39m (11496): [36mrequest completed[39m
    [35mreq[39m: {
      "id": 60,
      "method": "GET",
      "url": "/api/tracks"
    }
    [35mres[39m: {
      "statusCode": 304
    }
    [35mresponseTime[39m: 938
[15:52:15.022] [32mINFO[39m (11496): [36mrequest completed[39m
    [35mreq[39m: {
      "id": 61,
      "method": "GET",
      "url": "/api/certificates"
    }
    [35mres[39m: {
      "statusCode": 200
    }
    [35mresponseTime[39m: 943
[15:52:16.302] [32mINFO[39m (11496): [36mrequest completed[39m
    [35mreq[39m: {
      "id": 62,
      "method": "GET",
      "url": "/api/workshops"
    }
    [35mres[39m: {
      "statusCode": 304
    }
    [35mresponseTime[39m: 477
[15:52:16.772] [32mINFO[39m (11496): [36mrequest completed[39m
    [35mreq[39m: {
      "id": 63,
      "method": "GET",
      "url": "/api/certificates"
    }
    [35mres[39m: {
      "statusCode": 200
    }
    [35mresponseTime[39m: 946
[15:52:16.778] [32mINFO[39m (11496): [36mrequest completed[39m
    [35mreq[39m: {
      "id": 64,
      "method": "GET",
      "url": "/api/tracks"
    }
    [35mres[39m: {
      "statusCode": 304
    }
    [35mresponseTime[39m: 952
[15:52:34.550] [32mINFO[39m (11496): [36mrequest completed[39m
    [35mreq[39m: {
      "id": 65,
      "method": "GET",
      "url": "/api/users"
    }
    [35mres[39m: {
      "statusCode": 304
    }
    [35mresponseTime[39m: 942
[15:52:34.554] [32mINFO[39m (11496): [36mrequest completed[39m
    [35mreq[39m: {
      "id": 66,
      "method": "GET",
      "url": "/api/tracks"
    }
    [35mres[39m: {
      "statusCode": 304
    }
    [35mresponseTime[39m: 944
[15:59:18.824] [32mINFO[39m (11496): [36mrequest completed[39m
    [35mreq[39m: {
      "id": 67,
      "method": "GET",
      "url": "/api/tracks"
    }
    [35mres[39m: {
      "statusCode": 304
    }
    [35mresponseTime[39m: 949
[15:59:19.776] [32mINFO[39m (11496): [36mrequest completed[39m
    [35mreq[39m: {
      "id": 68,
      "method": "GET",
      "url": "/api/users"
    }
    [35mres[39m: {
      "statusCode": 304
    }
    [35mresponseTime[39m: 940
[15:59:20.264] [32mINFO[39m (11496): [36mrequest completed[39m
    [35mreq[39m: {
      "id": 69,
      "method": "GET",
      "url": "/api/tracks/1/modules"
    }
    [35mres[39m: {
      "statusCode": 200
    }
    [35mresponseTime[39m: 479
[15:59:32.528] [32mINFO[39m (11496): [36mrequest completed[39m
    [35mreq[39m: {
      "id": 70,
      "method": "GET",
      "url": "/api/tracks"
    }
    [35mres[39m: {
      "statusCode": 304
    }
    [35mresponseTime[39m: 950
[15:59:33.497] [32mINFO[39m (11496): [36mrequest completed[39m
    [35mreq[39m: {
      "id": 71,
      "method": "GET",
      "url": "/api/users"
    }
    [35mres[39m: {
      "statusCode": 304
    }
    [35mresponseTime[39m: 957
[15:59:33.989] [32mINFO[39m (11496): [36mrequest completed[39m
    [35mreq[39m: {
      "id": 72,
      "method": "GET",
      "url": "/api/tracks/1/modules"
    }
    [35mres[39m: {
      "statusCode": 304
    }
    [35mresponseTime[39m: 480
[15:59:53.590] [32mINFO[39m (11496): [36mrequest completed[39m
    [35mreq[39m: {
      "id": 73,
      "method": "PUT",
      "url": "/api/tracks/1"
    }
    [35mres[39m: {
      "statusCode": 200
    }
    [35mresponseTime[39m: 1443
[15:59:58.764] [32mINFO[39m (11496): [36mrequest completed[39m
    [35mreq[39m: {
      "id": 74,
      "method": "GET",
      "url": "/api/tracks"
    }
    [35mres[39m: {
      "statusCode": 200
    }
    [35mresponseTime[39m: 948
[16:00:00.711] [32mINFO[39m (11496): [36mrequest completed[39m
    [35mreq[39m: {
      "id": 75,
      "method": "GET",
      "url": "/api/tracks/%D8%A7%D8%B3%D8%A7%D8%B3%D9%8A%D8%A7%D8%AA-%D8%A7%D9%84%D8%A8%D8%B1%D9%85%D8%AC%D8%A9"
    }
    [35mres[39m: {
      "statusCode": 200
    }
    [35mresponseTime[39m: 1001
[16:00:01.189] [32mINFO[39m (11496): [36mrequest completed[39m
    [35mreq[39m: {
      "id": 76,
      "method": "GET",
      "url": "/api/tracks/%D8%A7%D8%B3%D8%A7%D8%B3%D9%8A%D8%A7%D8%AA-%D8%A7%D9%84%D8%A8%D8%B1%D9%85%D8%AC%D8%A9/progress"
    }
    [35mres[39m: {
      "statusCode": 304
    }
    [35mresponseTime[39m: 1477
[16:00:04.712] [32mINFO[39m (11496): [36mrequest completed[39m
    [35mreq[39m: {
      "id": 77,
      "method": "GET",
      "url": "/api/video-stream"
    }
    [35mres[39m: {
      "statusCode": 206
    }
    [35mresponseTime[39m: 1532
[16:00:05.861] [32mINFO[39m (11496): [36mrequest completed[39m
    [35mreq[39m: {
      "id": 78,
      "method": "GET",
      "url": "/api/video-stream"
    }
    [35mres[39m: {
      "statusCode": 206
    }
    [35mresponseTime[39m: 1699
[16:00:08.156] [32mINFO[39m (11496): [36mrequest completed[39m
    [35mreq[39m: {
      "id": 79,
      "method": "GET",
      "url": "/api/video-stream"
    }
    [35mres[39m: {
      "statusCode": 206
    }
    [35mresponseTime[39m: 2292
[16:03:07.044] [32mINFO[39m (11496): [36mrequest completed[39m
    [35mreq[39m: {
      "id": 80,
      "method": "GET",
      "url": "/api/tracks/%D8%A7%D8%B3%D8%A7%D8%B3%D9%8A%D8%A7%D8%AA-%D8%A7%D9%84%D8%A8%D8%B1%D9%85%D8%AC%D8%A9"
    }
    [35mres[39m: {
      "statusCode": 304
    }
    [35mresponseTime[39m: 969
[16:03:07.521] [32mINFO[39m (11496): [36mrequest completed[39m
    [35mreq[39m: {
      "id": 81,
      "method": "GET",
      "url": "/api/tracks/%D8%A7%D8%B3%D8%A7%D8%B3%D9%8A%D8%A7%D8%AA-%D8%A7%D9%84%D8%A8%D8%B1%D9%85%D8%AC%D8%A9/progress"
    }
    [35mres[39m: {
      "statusCode": 304
    }
    [35mresponseTime[39m: 1444
[16:03:11.366] [32mINFO[39m (11496): [36mrequest completed[39m
    [35mreq[39m: {
      "id": 82,
      "method": "GET",
      "url": "/api/video-stream"
    }
    [35mres[39m: {
      "statusCode": 206
    }
    [35mresponseTime[39m: 1297
[16:03:11.936] [32mINFO[39m (11496): [36mrequest completed[39m
    [35mreq[39m: {
      "id": 83,
      "method": "GET",
      "url": "/api/video-stream"
    }
    [35mres[39m: {
      "statusCode": 206
    }
    [35mresponseTime[39m: 935
[16:03:13.317] [32mINFO[39m (11496): [36mrequest completed[39m
    [35mreq[39m: {
      "id": 84,
      "method": "GET",
      "url": "/api/video-stream"
    }
    [35mres[39m: {
      "statusCode": 206
    }
    [35mresponseTime[39m: 1377
[16:03:41.913] [32mINFO[39m (11496): [36mrequest completed[39m
    [35mreq[39m: {
      "id": 85,
      "method": "GET",
      "url": "/api/tracks"
    }
    [35mres[39m: {
      "statusCode": 304
    }
    [35mresponseTime[39m: 941
[16:03:44.070] [32mINFO[39m (11496): [36mrequest completed[39m
    [35mreq[39m: {
      "id": 86,
      "method": "GET",
      "url": "/api/tracks"
    }
    [35mres[39m: {
      "statusCode": 304
    }
    [35mresponseTime[39m: 952
[16:03:48.148] [32mINFO[39m (11496): [36mrequest completed[39m
    [35mreq[39m: {
      "id": 87,
      "method": "GET",
      "url": "/api/tracks/%D8%A7%D8%B3%D8%A7%D8%B3%D9%8A%D8%A7%D8%AA-%D8%A7%D9%84%D8%A8%D8%B1%D9%85%D8%AC%D8%A9"
    }
    [35mres[39m: {
      "statusCode": 304
    }
    [35mresponseTime[39m: 994
[16:03:48.631] [32mINFO[39m (11496): [36mrequest completed[39m
    [35mreq[39m: {
      "id": 88,
      "method": "GET",
      "url": "/api/tracks/%D8%A7%D8%B3%D8%A7%D8%B3%D9%8A%D8%A7%D8%AA-%D8%A7%D9%84%D8%A8%D8%B1%D9%85%D8%AC%D8%A9/progress"
    }
    [35mres[39m: {
      "statusCode": 304
    }
    [35mresponseTime[39m: 1475
[16:03:52.069] [32mINFO[39m (11496): [36mrequest completed[39m
    [35mreq[39m: {
      "id": 89,
      "method": "GET",
      "url": "/api/video-stream"
    }
    [35mres[39m: {
      "statusCode": 206
    }
    [35mresponseTime[39m: 1598
[16:03:52.844] [32mINFO[39m (11496): [36mrequest completed[39m
    [35mreq[39m: {
      "id": 90,
      "method": "GET",
      "url": "/api/video-stream"
    }
    [35mres[39m: {
      "statusCode": 206
    }
    [35mresponseTime[39m: 1200
[16:03:54.327] [32mINFO[39m (11496): [36mrequest completed[39m
    [35mreq[39m: {
      "id": 91,
      "method": "GET",
      "url": "/api/video-stream"
    }
    [35mres[39m: {
      "statusCode": 206
    }
    [35mresponseTime[39m: 1480
[16:09:52.992] [32mINFO[39m (11496): [36mrequest completed[39m
    [35mreq[39m: {
      "id": 92,
      "method": "GET",
      "url": "/api/video-stream"
    }
    [35mres[39m: {
      "statusCode": 206
    }
    [35mresponseTime[39m: 1800
[16:09:53.010] [32mINFO[39m (11496): [36mrequest completed[39m
    [35mreq[39m: {
      "id": 93,
      "method": "GET",
      "url": "/api/tracks/%D8%A7%D8%B3%D8%A7%D8%B3%D9%8A%D8%A7%D8%AA-%D8%A7%D9%84%D8%A8%D8%B1%D9%85%D8%AC%D8%A9"
    }
    [35mres[39m: {
      "statusCode": 304
    }
    [35mresponseTime[39m: 981
[16:09:53.551] [32mINFO[39m (11496): [36mrequest completed[39m
    [35mreq[39m: {
      "id": 94,
      "method": "GET",
      "url": "/api/tracks/%D8%A7%D8%B3%D8%A7%D8%B3%D9%8A%D8%A7%D8%AA-%D8%A7%D9%84%D8%A8%D8%B1%D9%85%D8%AC%D8%A9/progress"
    }
    [35mres[39m: {
      "statusCode": 304
    }
    [35mresponseTime[39m: 1521
[16:09:58.510] [32mINFO[39m (11496): [36mrequest completed[39m
    [35mreq[39m: {
      "id": 95,
      "method": "GET",
      "url": "/api/video-stream"
    }
    [35mres[39m: {
      "statusCode": 206
    }
    [35mresponseTime[39m: 1645
[16:09:59.080] [32mINFO[39m (11496): [36mrequest completed[39m
    [35mreq[39m: {
      "id": 96,
      "method": "GET",
      "url": "/api/video-stream"
    }
    [35mres[39m: {
      "statusCode": 206
    }
    [35mresponseTime[39m: 1175
[16:10:00.742] [32mINFO[39m (11496): [36mrequest completed[39m
    [35mreq[39m: {
      "id": 97,
      "method": "GET",
      "url": "/api/video-stream"
    }
    [35mres[39m: {
      "statusCode": 206
    }
    [35mresponseTime[39m: 1653
[16:10:06.639] [32mINFO[39m (11496): [36mrequest completed[39m
    [35mreq[39m: {
      "id": 98,
      "method": "POST",
      "url": "/api/tracks/%D8%A7%D8%B3%D8%A7%D8%B3%D9%8A%D8%A7%D8%AA-%D8%A7%D9%84%D8%A8%D8%B1%D9%85%D8%AC%D8%A9/progress"
    }
    [35mres[39m: {
      "statusCode": 200
    }
    [35mresponseTime[39m: 2883
[16:10:08.076] [32mINFO[39m (11496): [36mrequest completed[39m
    [35mreq[39m: {
      "id": 99,
      "method": "GET",
      "url": "/api/tracks/%D8%A7%D8%B3%D8%A7%D8%B3%D9%8A%D8%A7%D8%AA-%D8%A7%D9%84%D8%A8%D8%B1%D9%85%D8%AC%D8%A9/progress"
    }
    [35mres[39m: {
      "statusCode": 200
    }
    [35mresponseTime[39m: 1425
[16:18:13.658] [32mINFO[39m (11496): [36mrequest completed[39m
    [35mreq[39m: {
      "id": 100,
      "method": "GET",
      "url": "/api/stats/platform"
    }
    [35mres[39m: {
      "statusCode": 200
    }
    [35mresponseTime[39m: 2975
[16:20:29.097] [32mINFO[39m (11496): [36mrequest completed[39m
    [35mreq[39m: {
      "id": 101,
      "method": "GET",
      "url": "/api/tracks"
    }
    [35mres[39m: {
      "statusCode": 304
    }
    [35mresponseTime[39m: 984
[16:20:33.499] [32mINFO[39m (11496): [36mrequest completed[39m
    [35mreq[39m: {
      "id": 103,
      "method": "GET",
      "url": "/api/tracks/%D8%A7%D8%B3%D8%A7%D8%B3%D9%8A%D8%A7%D8%AA-%D8%A7%D9%84%D8%A8%D8%B1%D9%85%D8%AC%D8%A9"
    }
    [35mres[39m: {
      "statusCode": 304
    }
    [35mresponseTime[39m: 1109
[16:20:33.993] [32mINFO[39m (11496): [36mrequest completed[39m
    [35mreq[39m: {
      "id": 102,
      "method": "GET",
      "url": "/api/tracks/%D8%A7%D8%B3%D8%A7%D8%B3%D9%8A%D8%A7%D8%AA-%D8%A7%D9%84%D8%A8%D8%B1%D9%85%D8%AC%D8%A9/progress"
    }
    [35mres[39m: {
      "statusCode": 304
    }
    [35mresponseTime[39m: 1607
[16:20:54.083] [32mINFO[39m (11496): [36mrequest completed[39m
    [35mreq[39m: {
      "id": 104,
      "method": "POST",
      "url": "/api/tracks/%D8%A7%D8%B3%D8%A7%D8%B3%D9%8A%D8%A7%D8%AA-%D8%A7%D9%84%D8%A8%D8%B1%D9%85%D8%AC%D8%A9/progress"
    }
    [35mres[39m: {
      "statusCode": 200
    }
    [35mresponseTime[39m: 2961
[16:20:55.524] [32mINFO[39m (11496): [36mrequest completed[39m
    [35mreq[39m: {
      "id": 105,
      "method": "POST",
      "url": "/api/tracks/%D8%A7%D8%B3%D8%A7%D8%B3%D9%8A%D8%A7%D8%AA-%D8%A7%D9%84%D8%A8%D8%B1%D9%85%D8%AC%D8%A9/progress"
    }
    [35mres[39m: {
      "statusCode": 200
    }
    [35mresponseTime[39m: 3168
[16:20:55.713] [32mINFO[39m (11496): [36mrequest completed[39m
    [35mreq[39m: {
      "id": 106,
      "method": "GET",
      "url": "/api/tracks/%D8%A7%D8%B3%D8%A7%D8%B3%D9%8A%D8%A7%D8%AA-%D8%A7%D9%84%D8%A8%D8%B1%D9%85%D8%AC%D8%A9/progress"
    }
    [35mres[39m: {
      "statusCode": 200
    }
    [35mresponseTime[39m: 1620
[16:20:57.053] [32mINFO[39m (11496): [36mrequest completed[39m
    [35mreq[39m: {
      "id": 107,
      "method": "GET",
      "url": "/api/tracks/%D8%A7%D8%B3%D8%A7%D8%B3%D9%8A%D8%A7%D8%AA-%D8%A7%D9%84%D8%A8%D8%B1%D9%85%D8%AC%D8%A9/progress"
    }
    [35mres[39m: {
      "statusCode": 200
    }
    [35mresponseTime[39m: 1518
[16:21:29.909] [32mINFO[39m (11496): [36mrequest completed[39m
    [35mreq[39m: {
      "id": 109,
      "method": "GET",
      "url": "/api/tracks/%D8%A7%D8%B3%D8%A7%D8%B3%D9%8A%D8%A7%D8%AA-%D8%A7%D9%84%D8%A8%D8%B1%D9%85%D8%AC%D8%A9"
    }
    [35mres[39m: {
      "statusCode": 304
    }
    [35mresponseTime[39m: 1474
[16:21:35.999] [32mINFO[39m (11496): [36mrequest completed[39m
    [35mreq[39m: {
      "id": 108,
      "method": "GET",
      "url": "/api/tracks/%D8%A7%D8%B3%D8%A7%D8%B3%D9%8A%D8%A7%D8%AA-%D8%A7%D9%84%D8%A8%D8%B1%D9%85%D8%AC%D8%A9/progress"
    }
    [35mres[39m: {
      "statusCode": 200
    }
    [35mresponseTime[39m: 7566
[16:21:58.121] [32mINFO[39m (11496): [36mrequest completed[39m
    [35mreq[39m: {
      "id": 110,
      "method": "POST",
      "url": "/api/tracks/%D8%A7%D8%B3%D8%A7%D8%B3%D9%8A%D8%A7%D8%AA-%D8%A7%D9%84%D8%A8%D8%B1%D9%85%D8%AC%D8%A9/enroll"
    }
    [35mres[39m: {
      "statusCode": 200
    }
    [35mresponseTime[39m: 22438
[16:22:00.364] [32mINFO[39m (11496): [36mrequest completed[39m
    [35mreq[39m: {
      "id": 111,
      "method": "GET",
      "url": "/api/tracks/%D8%A7%D8%B3%D8%A7%D8%B3%D9%8A%D8%A7%D8%AA-%D8%A7%D9%84%D8%A8%D8%B1%D9%85%D8%AC%D8%A9/progress"
    }
    [35mres[39m: {
      "statusCode": 304
    }
    [35mresponseTime[39m: 2236
[16:22:23.503] [32mINFO[39m (11496): [36mrequest completed[39m
    [35mreq[39m: {
      "id": 112,
      "method": "GET",
      "url": "/api/tracks"
    }
    [35mres[39m: {
      "statusCode": 200
    }
    [35mresponseTime[39m: 1842
[16:22:28.745] [32mINFO[39m (11496): [36mrequest completed[39m
    [35mreq[39m: {
      "id": 113,
      "method": "GET",
      "url": "/api/tracks"
    }
    [35mres[39m: {
      "statusCode": 304
    }
    [35mresponseTime[39m: 1029
[16:22:28.876] [32mINFO[39m (11496): [36mrequest completed[39m
    [35mreq[39m: {
      "id": 114,
      "method": "GET",
      "url": "/api/users"
    }
    [35mres[39m: {
      "statusCode": 304
    }
    [35mresponseTime[39m: 1160
[16:22:30.716] [32mINFO[39m (11496): [36mrequest completed[39m
    [35mreq[39m: {
      "id": 115,
      "method": "GET",
      "url": "/api/tracks"
    }
    [35mres[39m: {
      "statusCode": 304
    }
    [35mresponseTime[39m: 1004
[16:22:31.794] [32mINFO[39m (11496): [36mrequest completed[39m
    [35mreq[39m: {
      "id": 116,
      "method": "GET",
      "url": "/api/users"
    }
    [35mres[39m: {
      "statusCode": 304
    }
    [35mresponseTime[39m: 1066
[16:22:32.534] [32mINFO[39m (11496): [36mrequest completed[39m
    [35mreq[39m: {
      "id": 117,
      "method": "GET",
      "url": "/api/tracks/1/modules"
    }
    [35mres[39m: {
      "statusCode": 304
    }
    [35mresponseTime[39m: 500
[16:22:49.494] [32mINFO[39m (11496): [36mrequest completed[39m
    [35mreq[39m: {
      "id": 118,
      "method": "DELETE",
      "url": "/api/modules/4"
    }
    [35mres[39m: {
      "statusCode": 204
    }
    [35mresponseTime[39m: 5270
[16:22:53.859] [32mINFO[39m (11496): [36mrequest completed[39m
    [35mreq[39m: {
      "id": 119,
      "method": "PUT",
      "url": "/api/modules/1"
    }
    [35mres[39m: {
      "statusCode": 200
    }
    [35mresponseTime[39m: 2021
[16:23:03.721] [32mINFO[39m (11496): [36mrequest completed[39m
    [35mreq[39m: {
      "id": 120,
      "method": "GET",
      "url": "/api/tracks"
    }
    [35mres[39m: {
      "statusCode": 200
    }
    [35mresponseTime[39m: 1778
[16:23:04.211] [32mINFO[39m (11496): [36mrequest completed[39m
    [35mreq[39m: {
      "id": 121,
      "method": "GET",
      "url": "/api/users"
    }
    [35mres[39m: {
      "statusCode": 304
    }
    [35mresponseTime[39m: 1958
[16:23:06.464] [32mINFO[39m (11496): [36mrequest completed[39m
    [35mreq[39m: {
      "id": 122,
      "method": "GET",
      "url": "/api/tracks"
    }
    [35mres[39m: {
      "statusCode": 304
    }
    [35mresponseTime[39m: 1062
[16:23:08.575] [32mINFO[39m (11496): [36mrequest completed[39m
    [35mreq[39m: {
      "id": 123,
      "method": "GET",
      "url": "/api/tracks/%D8%A7%D8%B3%D8%A7%D8%B3%D9%8A%D8%A7%D8%AA-%D8%A7%D9%84%D8%A8%D8%B1%D9%85%D8%AC%D8%A9"
    }
    [35mres[39m: {
      "statusCode": 200
    }
    [35mresponseTime[39m: 1485
[16:23:10.119] [32mINFO[39m (11496): [36mrequest completed[39m
    [35mreq[39m: {
      "id": 124,
      "method": "GET",
      "url": "/api/tracks/%D8%A7%D8%B3%D8%A7%D8%B3%D9%8A%D8%A7%D8%AA-%D8%A7%D9%84%D8%A8%D8%B1%D9%85%D8%AC%D8%A9/progress"
    }
    [35mres[39m: {
      "statusCode": 200
    }
    [35mresponseTime[39m: 3028
[16:23:17.886] [32mINFO[39m (11496): [36mrequest completed[39m
    [35mreq[39m: {
      "id": 125,
      "method": "GET",
      "url": "/api/tracks/%D8%A7%D8%B3%D8%A7%D8%B3%D9%8A%D8%A7%D8%AA-%D8%A7%D9%84%D8%A8%D8%B1%D9%85%D8%AC%D8%A9"
    }
    [35mres[39m: {
      "statusCode": 304
    }
    [35mresponseTime[39m: 2092
[16:23:18.462] [32mINFO[39m (11496): [36mrequest completed[39m
    [35mreq[39m: {
      "id": 126,
      "method": "GET",
      "url": "/api/tracks/%D8%A7%D8%B3%D8%A7%D8%B3%D9%8A%D8%A7%D8%AA-%D8%A7%D9%84%D8%A8%D8%B1%D9%85%D8%AC%D8%A9/progress"
    }
    [35mres[39m: {
      "statusCode": 304
    }
    [35mresponseTime[39m: 2462
[16:23:31.352] [32mINFO[39m (11496): [36mrequest completed[39m
    [35mreq[39m: {
      "id": 127,
      "method": "GET",
      "url": "/api/tracks"
    }
    [35mres[39m: {
      "statusCode": 304
    }
    [35mresponseTime[39m: 1089
[16:23:33.844] [32mINFO[39m (11496): [36mrequest completed[39m
    [35mreq[39m: {
      "id": 128,
      "method": "GET",
      "url": "/api/tracks/%D8%A7%D8%B3%D8%A7%D8%B3%D9%8A%D8%A7%D8%AA-%D8%A7%D9%84%D8%A8%D8%B1%D9%85%D8%AC%D8%A9"
    }
    [35mres[39m: {
      "statusCode": 304
    }
    [35mresponseTime[39m: 1174
[16:23:34.580] [32mINFO[39m (11496): [36mrequest completed[39m
    [35mreq[39m: {
      "id": 129,
      "method": "GET",
      "url": "/api/tracks/%D8%A7%D8%B3%D8%A7%D8%B3%D9%8A%D8%A7%D8%AA-%D8%A7%D9%84%D8%A8%D8%B1%D9%85%D8%AC%D8%A9/progress"
    }
    [35mres[39m: {
      "statusCode": 304
    }
    [35mresponseTime[39m: 1595
[16:27:43.560] [32mINFO[39m (11496): [36mrequest completed[39m
    [35mreq[39m: {
      "id": 131,
      "method": "GET",
      "url": "/api/tracks/%D8%A7%D8%B3%D8%A7%D8%B3%D9%8A%D8%A7%D8%AA-%D8%A7%D9%84%D8%A8%D8%B1%D9%85%D8%AC%D8%A9"
    }
    [35mres[39m: {
      "statusCode": 304
    }
    [35mresponseTime[39m: 17752
[16:27:44.039] [32mINFO[39m (11496): [36mrequest completed[39m
    [35mreq[39m: {
      "id": 130,
      "method": "GET",
      "url": "/api/tracks/%D8%A7%D8%B3%D8%A7%D8%B3%D9%8A%D8%A7%D8%AA-%D8%A7%D9%84%D8%A8%D8%B1%D9%85%D8%AC%D8%A9/progress"
    }
    [35mres[39m: {
      "statusCode": 304
    }
    [35mresponseTime[39m: 18233
[16:27:54.035] [32mINFO[39m (11496): [36mrequest completed[39m
    [35mreq[39m: {
      "id": 132,
      "method": "GET",
      "url": "/api/tracks"
    }
    [35mres[39m: {
      "statusCode": 304
    }
    [35mresponseTime[39m: 1022
[16:28:00.412] [32mINFO[39m (11496): [36mrequest completed[39m
    [35mreq[39m: {
      "id": 133,
      "method": "GET",
      "url": "/api/workshops"
    }
    [35mres[39m: {
      "statusCode": 304
    }
    [35mresponseTime[39m: 513
[16:44:38.830] [32mINFO[39m (11496): [36mrequest completed[39m
    [35mreq[39m: {
      "id": 134,
      "method": "GET",
      "url": "/api/tracks"
    }
    [35mres[39m: {
      "statusCode": 304
    }
    [35mresponseTime[39m: 1126
[16:44:40.807] [32mINFO[39m (11496): [36mrequest completed[39m
    [35mreq[39m: {
      "id": 135,
      "method": "GET",
      "url": "/api/tracks/%D8%A7%D8%B3%D8%A7%D8%B3%D9%8A%D8%A7%D8%AA-%D8%A7%D9%84%D8%A8%D8%B1%D9%85%D8%AC%D8%A9"
    }
    [35mres[39m: {
      "statusCode": 304
    }
    [35mresponseTime[39m: 1073
[16:44:41.350] [32mINFO[39m (11496): [36mrequest completed[39m
    [35mreq[39m: {
      "id": 136,
      "method": "GET",
      "url": "/api/tracks/%D8%A7%D8%B3%D8%A7%D8%B3%D9%8A%D8%A7%D8%AA-%D8%A7%D9%84%D8%A8%D8%B1%D9%85%D8%AC%D8%A9/progress"
    }
    [35mres[39m: {
      "statusCode": 304
    }
    [35mresponseTime[39m: 1614
[16:44:49.201] [32mINFO[39m (11496): [36mrequest completed[39m
    [35mreq[39m: {
      "id": 137,
      "method": "GET",
      "url": "/api/tracks/%D8%A7%D8%B3%D8%A7%D8%B3%D9%8A%D8%A7%D8%AA-%D8%A7%D9%84%D8%A8%D8%B1%D9%85%D8%AC%D8%A9"
    }
    [35mres[39m: {
      "statusCode": 304
    }
    [35mresponseTime[39m: 1921
[16:44:49.210] [32mINFO[39m (11496): [36mrequest completed[39m
    [35mreq[39m: {
      "id": 139,
      "method": "GET",
      "url": "/api/certificates"
    }
    [35mres[39m: {
      "statusCode": 200
    }
    [35mresponseTime[39m: 1621
[16:44:49.700] [32mINFO[39m (11496): [36mrequest completed[39m
    [35mreq[39m: {
      "id": 138,
      "method": "GET",
      "url": "/api/tracks/%D8%A7%D8%B3%D8%A7%D8%B3%D9%8A%D8%A7%D8%AA-%D8%A7%D9%84%D8%A8%D8%B1%D9%85%D8%AC%D8%A9/progress"
    }
    [35mres[39m: {
      "statusCode": 304
    }
    [35mresponseTime[39m: 2419
[16:44:54.433] [32mINFO[39m (11496): [36mrequest completed[39m
    [35mreq[39m: {
      "id": 141,
      "method": "GET",
      "url": "/api/certificates"
    }
    [35mres[39m: {
      "statusCode": 200
    }
    [35mresponseTime[39m: 1013
[16:44:57.508] [32mINFO[39m (11496): [36mrequest completed[39m
    [35mreq[39m: {
      "id": 140,
      "method": "GET",
      "url": "/api/points/wallet"
    }
    [35mres[39m: {
      "statusCode": 200
    }
    [35mresponseTime[39m: 4090
[16:44:59.038] [32mINFO[39m (11496): [36mrequest completed[39m
    [35mreq[39m: {
      "id": 142,
      "method": "GET",
      "url": "/api/certificates/1"
    }
    [35mres[39m: {
      "statusCode": 200
    }
    [35mresponseTime[39m: 479
[16:44:59.553] [32mINFO[39m (11496): [36mrequest completed[39m
    [35mreq[39m: {
      "id": 143,
      "method": "GET",
      "url": "/api/workshops/1"
    }
    [35mres[39m: {
      "statusCode": 200
    }
    [35mresponseTime[39m: 486
[16:45:04.447] [32mINFO[39m (11496): [36mrequest completed[39m
    [35mreq[39m: {
      "id": 144,
      "method": "GET",
      "url": "/api/certificates"
    }
    [35mres[39m: {
      "statusCode": 200
    }
    [35mresponseTime[39m: 957
[16:45:06.479] [32mINFO[39m (11496): [36mrequest completed[39m
    [35mreq[39m: {
      "id": 145,
      "method": "GET",
      "url": "/api/points/wallet"
    }
    [35mres[39m: {
      "statusCode": 304
    }
    [35mresponseTime[39m: 2683
[16:45:21.589] [32mINFO[39m (11496): [36mrequest completed[39m
    [35mreq[39m: {
      "id": 146,
      "method": "GET",
      "url": "/api/tracks"
    }
    [35mres[39m: {
      "statusCode": 304
    }
    [35mresponseTime[39m: 1053
[16:45:21.591] [32mINFO[39m (11496): [36mrequest completed[39m
    [35mreq[39m: {
      "id": 147,
      "method": "GET",
      "url": "/api/users"
    }
    [35mres[39m: {
      "statusCode": 304
    }
    [35mresponseTime[39m: 1054
[16:45:25.397] [32mINFO[39m (11496): [36mrequest completed[39m
    [35mreq[39m: {
      "id": 148,
      "method": "GET",
      "url": "/api/tracks"
    }
    [35mres[39m: {
      "statusCode": 304
    }
    [35mresponseTime[39m: 962
[16:45:26.410] [32mINFO[39m (11496): [36mrequest completed[39m
    [35mreq[39m: {
      "id": 149,
      "method": "GET",
      "url": "/api/users"
    }
    [35mres[39m: {
      "statusCode": 304
    }
    [35mresponseTime[39m: 1001
[16:45:26.984] [32mINFO[39m (11496): [36mrequest completed[39m
    [35mreq[39m: {
      "id": 150,
      "method": "GET",
      "url": "/api/tracks/3/modules"
    }
    [35mres[39m: {
      "statusCode": 200
    }
    [35mresponseTime[39m: 563
[16:46:10.468] [32mINFO[39m (11496): [36mrequest completed[39m
    [35mreq[39m: {
      "id": 151,
      "method": "GET",
      "url": "/api/users"
    }
    [35mres[39m: {
      "statusCode": 304
    }
    [35mresponseTime[39m: 938
[16:46:11.487] [32mINFO[39m (11496): [36mrequest completed[39m
    [35mreq[39m: {
      "id": 153,
      "method": "GET",
      "url": "/api/consultations"
    }
    [35mres[39m: {
      "statusCode": 304
    }
    [35mresponseTime[39m: 1649
[16:46:12.449] [32mINFO[39m (11496): [36mrequest completed[39m
    [35mreq[39m: {
      "id": 152,
      "method": "GET",
      "url": "/api/points/wallet"
    }
    [35mres[39m: {
      "statusCode": 304
    }
    [35mresponseTime[39m: 2612
[16:46:13.534] [32mINFO[39m (11496): [36mrequest completed[39m
    [35mreq[39m: {
      "id": 154,
      "method": "GET",
      "url": "/api/tracks"
    }
    [35mres[39m: {
      "statusCode": 304
    }
    [35mresponseTime[39m: 968
[16:46:15.879] [32mINFO[39m (11496): [36mrequest completed[39m
    [35mreq[39m: {
      "id": 155,
      "method": "GET",
      "url": "/api/tracks/%D8%B9%D9%84%D9%88%D9%85-%D8%A7%D9%84%D8%AD%D9%8A%D8%A7%D8%A9"
    }
    [35mres[39m: {
      "statusCode": 200
    }
    [35mresponseTime[39m: 1379
[16:46:16.356] [32mINFO[39m (11496): [36mrequest completed[39m
    [35mreq[39m: {
      "id": 156,
      "method": "GET",
      "url": "/api/certificates"
    }
    [35mres[39m: {
      "statusCode": 200
    }
    [35mresponseTime[39m: 1855
[16:46:16.859] [32mINFO[39m (11496): [36mrequest completed[39m
    [35mreq[39m: {
      "id": 157,
      "method": "GET",
      "url": "/api/tracks/%D8%B9%D9%84%D9%88%D9%85-%D8%A7%D9%84%D8%AD%D9%8A%D8%A7%D8%A9/progress"
    }
    [35mres[39m: {
      "statusCode": 200
    }
    [35mresponseTime[39m: 2356
[16:46:24.169] [32mINFO[39m (11496): [36mrequest completed[39m
    [35mreq[39m: {
      "id": 158,
      "method": "POST",
      "url": "/api/tracks/%D8%B9%D9%84%D9%88%D9%85-%D8%A7%D9%84%D8%AD%D9%8A%D8%A7%D8%A9/enroll"
    }
    [35mres[39m: {
      "statusCode": 200
    }
    [35mresponseTime[39m: 5855
[16:46:25.814] [32mINFO[39m (11496): [36mrequest completed[39m
    [35mreq[39m: {
      "id": 159,
      "method": "GET",
      "url": "/api/tracks/%D8%B9%D9%84%D9%88%D9%85-%D8%A7%D9%84%D8%AD%D9%8A%D8%A7%D8%A9/progress"
    }
    [35mres[39m: {
      "statusCode": 200
    }
    [35mresponseTime[39m: 1627
[16:46:34.222] [32mINFO[39m (11496): [36mrequest completed[39m
    [35mreq[39m: {
      "id": 160,
      "method": "POST",
      "url": "/api/tracks/%D8%B9%D9%84%D9%88%D9%85-%D8%A7%D9%84%D8%AD%D9%8A%D8%A7%D8%A9/progress"
    }
    [35mres[39m: {
      "statusCode": 200
    }
    [35mresponseTime[39m: 5155
[16:46:35.862] [32mINFO[39m (11496): [36mrequest completed[39m
    [35mreq[39m: {
      "id": 162,
      "method": "GET",
      "url": "/api/tracks/%D8%B9%D9%84%D9%88%D9%85-%D8%A7%D9%84%D8%AD%D9%8A%D8%A7%D8%A9/progress"
    }
    [35mres[39m: {
      "statusCode": 200
    }
    [35mresponseTime[39m: 1628
[16:46:36.885] [32mINFO[39m (11496): [36mrequest completed[39m
    [35mreq[39m: {
      "id": 161,
      "method": "POST",
      "url": "/api/tracks/%D8%B9%D9%84%D9%88%D9%85-%D8%A7%D9%84%D8%AD%D9%8A%D8%A7%D8%A9/progress"
    }
    [35mres[39m: {
      "statusCode": 200
    }
    [35mresponseTime[39m: 3653
[16:46:38.362] [32mINFO[39m (11496): [36mrequest completed[39m
    [35mreq[39m: {
      "id": 164,
      "method": "GET",
      "url": "/api/certificates"
    }
    [35mres[39m: {
      "statusCode": 200
    }
    [35mresponseTime[39m: 1151
[16:46:38.709] [32mINFO[39m (11496): [36mrequest completed[39m
    [35mreq[39m: {
      "id": 163,
      "method": "GET",
      "url": "/api/tracks/%D8%B9%D9%84%D9%88%D9%85-%D8%A7%D9%84%D8%AD%D9%8A%D8%A7%D8%A9/progress"
    }
    [35mres[39m: {
      "statusCode": 200
    }
    [35mresponseTime[39m: 1817
[16:46:44.128] [32mINFO[39m (11496): [36mrequest completed[39m
    [35mreq[39m: {
      "id": 165,
      "method": "GET",
      "url": "/api/points/wallet"
    }
    [35mres[39m: {
      "statusCode": 304
    }
    [35mresponseTime[39m: 6915
[16:47:04.172] [32mINFO[39m (11496): [36mrequest completed[39m
    [35mreq[39m: {
      "id": 166,
      "method": "POST",
      "url": "/api/certificates/2/claim"
    }
    [35mres[39m: {
      "statusCode": 200
    }
    [35mresponseTime[39m: 7734
[16:47:05.148] [32mINFO[39m (11496): [36mrequest completed[39m
    [35mreq[39m: {
      "id": 167,
      "method": "GET",
      "url": "/api/certificates"
    }
    [35mres[39m: {
      "statusCode": 200
    }
    [35mresponseTime[39m: 969
[16:47:06.849] [32mINFO[39m (11496): [36mrequest completed[39m
    [35mreq[39m: {
      "id": 168,
      "method": "GET",
      "url": "/api/points/wallet"
    }
    [35mres[39m: {
      "statusCode": 200
    }
    [35mresponseTime[39m: 2667
[16:47:08.094] [32mINFO[39m (11496): [36mrequest completed[39m
    [35mreq[39m: {
      "id": 169,
      "method": "GET",
      "url": "/api/certificates/2"
    }
    [35mres[39m: {
      "statusCode": 200
    }
    [35mresponseTime[39m: 628
[16:47:12.315] [32mINFO[39m (11496): [36mrequest completed[39m
    [35mreq[39m: {
      "id": 170,
      "method": "GET",
      "url": "/api/certificates"
    }
    [35mres[39m: {
      "statusCode": 200
    }
    [35mresponseTime[39m: 1124
[16:47:14.407] [32mINFO[39m (11496): [36mrequest completed[39m
    [35mreq[39m: {
      "id": 171,
      "method": "GET",
      "url": "/api/points/wallet"
    }
    [35mres[39m: {
      "statusCode": 304
    }
    [35mresponseTime[39m: 2911
[16:47:16.823] [32mINFO[39m (11496): [36mrequest completed[39m
    [35mreq[39m: {
      "id": 173,
      "method": "GET",
      "url": "/api/tracks"
    }
    [35mres[39m: {
      "statusCode": 200
    }
    [35mresponseTime[39m: 970
[16:47:17.122] [32mINFO[39m (11496): [36mrequest completed[39m
    [35mreq[39m: {
      "id": 174,
      "method": "GET",
      "url": "/api/certificates"
    }
    [35mres[39m: {
      "statusCode": 200
    }
    [35mresponseTime[39m: 960
[16:47:17.130] [32mINFO[39m (11496): [36mrequest completed[39m
    [35mreq[39m: {
      "id": 175,
      "method": "GET",
      "url": "/api/jobs"
    }
    [35mres[39m: {
      "statusCode": 304
    }
    [35mresponseTime[39m: 966
[16:47:17.284] [32mINFO[39m (11496): [36mrequest completed[39m
    [35mreq[39m: {
      "id": 172,
      "method": "GET",
      "url": "/api/applications"
    }
    [35mres[39m: {
      "statusCode": 200
    }
    [35mresponseTime[39m: 1434
[16:47:18.861] [32mINFO[39m (11496): [36mrequest completed[39m
    [35mreq[39m: {
      "id": 176,
      "method": "GET",
      "url": "/api/tracks/test-track/progress"
    }
    [35mres[39m: {
      "statusCode": 200
    }
    [35mresponseTime[39m: 1525
[16:47:18.863] [32mINFO[39m (11496): [36mrequest completed[39m
    [35mreq[39m: {
      "id": 177,
      "method": "GET",
      "url": "/api/tracks/%D8%B9%D9%84%D9%88%D9%85-%D8%A7%D9%84%D8%AD%D9%8A%D8%A7%D8%A9/progress"
    }
    [35mres[39m: {
      "statusCode": 200
    }
    [35mresponseTime[39m: 1525
[16:47:18.865] [32mINFO[39m (11496): [36mrequest completed[39m
    [35mreq[39m: {
      "id": 178,
      "method": "GET",
      "url": "/api/tracks/%D8%A7%D8%B3%D8%A7%D8%B3%D9%8A%D8%A7%D8%AA-%D8%A7%D9%84%D8%A8%D8%B1%D9%85%D8%AC%D8%A9/progress"
    }
    [35mres[39m: {
      "statusCode": 200
    }
    [35mresponseTime[39m: 1527
[16:47:22.123] [32mINFO[39m (11496): [36mrequest completed[39m
    [35mreq[39m: {
      "id": 179,
      "method": "GET",
      "url": "/api/tracks/%D8%A7%D8%B3%D8%A7%D8%B3%D9%8A%D8%A7%D8%AA-%D8%A7%D9%84%D8%A8%D8%B1%D9%85%D8%AC%D8%A9/progress"
    }
    [35mres[39m: {
      "statusCode": 304
    }
    [35mresponseTime[39m: 1618
[16:47:22.137] [32mINFO[39m (11496): [36mrequest completed[39m
    [35mreq[39m: {
      "id": 180,
      "method": "GET",
      "url": "/api/tracks/test-track/progress"
    }
    [35mres[39m: {
      "statusCode": 304
    }
    [35mresponseTime[39m: 1629
[16:47:22.142] [32mINFO[39m (11496): [36mrequest completed[39m
    [35mreq[39m: {
      "id": 181,
      "method": "GET",
      "url": "/api/tracks/%D8%B9%D9%84%D9%88%D9%85-%D8%A7%D9%84%D8%AD%D9%8A%D8%A7%D8%A9/progress"
    }
    [35mres[39m: {
      "statusCode": 304
    }
    [35mresponseTime[39m: 1632
[16:48:05.087] [32mINFO[39m (11496): [36mrequest completed[39m
    [35mreq[39m: {
      "id": 182,
      "method": "GET",
      "url": "/api/jobs"
    }
    [35mres[39m: {
      "statusCode": 304
    }
    [35mresponseTime[39m: 1184
[16:48:12.087] [32mINFO[39m (11496): [36mrequest completed[39m
    [35mreq[39m: {
      "id": 183,
      "method": "GET",
      "url": "/api/points/payment-methods"
    }
    [35mres[39m: {
      "statusCode": 304
    }
    [35mresponseTime[39m: 991
[16:48:14.526] [32mINFO[39m (11496): [36mrequest completed[39m
    [35mreq[39m: {
      "id": 184,
      "method": "GET",
      "url": "/api/points/wallet"
    }
    [35mres[39m: {
      "statusCode": 304
    }
    [35mresponseTime[39m: 3122
[16:50:12.265] [32mINFO[39m (11496): [36mrequest completed[39m
    [35mreq[39m: {
      "id": 186,
      "method": "GET",
      "url": "/api/users"
    }
    [35mres[39m: {
      "statusCode": 200
    }
    [35mresponseTime[39m: 1028
[16:50:12.800] [32mINFO[39m (11496): [36mrequest completed[39m
    [35mreq[39m: {
      "id": 185,
      "method": "GET",
      "url": "/api/consultations"
    }
    [35mres[39m: {
      "statusCode": 304
    }
    [35mresponseTime[39m: 1564
[16:50:14.469] [32mINFO[39m (11496): [36mrequest completed[39m
    [35mreq[39m: {
      "id": 187,
      "method": "GET",
      "url": "/api/points/wallet"
    }
    [35mres[39m: {
      "statusCode": 304
    }
    [35mresponseTime[39m: 3231
[17:06:08.649] [32mINFO[39m (11496): [36mrequest completed[39m
    [35mreq[39m: {
      "id": 189,
      "method": "GET",
      "url": "/api/users"
    }
    [35mres[39m: {
      "statusCode": 304
    }
    [35mresponseTime[39m: 16475
[17:06:09.243] [32mINFO[39m (11496): [36mrequest completed[39m
    [35mreq[39m: {
      "id": 188,
      "method": "GET",
      "url": "/api/consultations"
    }
    [35mres[39m: {
      "statusCode": 304
    }
    [35mresponseTime[39m: 17073
[17:07:23.987] [32mINFO[39m (11496): [36mrequest completed[39m
    [35mreq[39m: {
      "id": 190,
      "method": "GET",
      "url": "/api/points/wallet"
    }
    [35mres[39m: {
      "statusCode": 304
    }
    [35mresponseTime[39m: 91729
[17:07:24.568] [32mINFO[39m (11496): [36mrequest completed[39m
    [35mreq[39m: {
      "id": 193,
      "method": "GET",
      "url": "/api/users"
    }
    [35mres[39m: {
      "statusCode": 200
    }
    [35mresponseTime[39m: 5262
[17:07:29.481] [32mINFO[39m (11496): [36mrequest completed[39m
    [35mreq[39m: {
      "id": 192,
      "method": "GET",
      "url": "/api/consultations"
    }
    [35mres[39m: {
      "statusCode": 200
    }
    [35mresponseTime[39m: 10175
[17:07:32.308] [32mINFO[39m (11496): [36mrequest completed[39m
    [35mreq[39m: {
      "id": 191,
      "method": "GET",
      "url": "/api/points/wallet"
    }
    [35mres[39m: {
      "statusCode": 200
    }
    [35mresponseTime[39m: 13004
[17:17:40.025] [32mINFO[39m (11496): [36mrequest completed[39m
    [35mreq[39m: {
      "id": 194,
      "method": "GET",
      "url": "/api/points/payment-methods"
    }
    [35mres[39m: {
      "statusCode": 304
    }
    [35mresponseTime[39m: 961
[17:17:42.305] [32mINFO[39m (11496): [36mrequest completed[39m
    [35mreq[39m: {
      "id": 195,
      "method": "GET",
      "url": "/api/points/wallet"
    }
    [35mres[39m: {
      "statusCode": 304
    }
    [35mresponseTime[39m: 3209
[17:23:39.862] [32mINFO[39m (11496): [36mrequest completed[39m
    [35mreq[39m: {
      "id": 196,
      "method": "GET",
      "url": "/api/points/wallet"
    }
    [35mres[39m: {
      "statusCode": 304
    }
    [35mresponseTime[39m: 5034
[17:52:43.824] [32mINFO[39m (11496): [36mrequest completed[39m
    [35mreq[39m: {
      "id": 197,
      "method": "GET",
      "url": "/"
    }
    [35mres[39m: {
      "statusCode": 404
    }
    [35mresponseTime[39m: 4
[17:53:31.764] [32mINFO[39m (11496): [36mrequest completed[39m
    [35mreq[39m: {
      "id": 198,
      "method": "GET",
      "url": "/"
    }
    [35mres[39m: {
      "statusCode": 404
    }
    [35mresponseTime[39m: 1
[17:54:17.659] [32mINFO[39m (11496): [36mrequest completed[39m
    [35mreq[39m: {
      "id": 199,
      "method": "GET",
      "url": "/"
    }
    [35mres[39m: {
      "statusCode": 404
    }
    [35mresponseTime[39m: 0
[17:54:21.115] [32mINFO[39m (11496): [36mrequest completed[39m
    [35mreq[39m: {
      "id": 200,
      "method": "GET",
      "url": "/"
    }
    [35mres[39m: {
      "statusCode": 404
    }
    [35mresponseTime[39m: 2
[18:03:28.359] [32mINFO[39m (11496): [36mrequest completed[39m
    [35mreq[39m: {
      "id": 201,
      "method": "GET",
      "url": "/"
    }
    [35mres[39m: {
      "statusCode": 404
    }
    [35mresponseTime[39m: 13
[18:05:17.891] [32mINFO[39m (11496): [36mrequest completed[39m
    [35mreq[39m: {
      "id": 202,
      "method": "GET",
      "url": "/"
    }
    [35mres[39m: {
      "statusCode": 404
    }
    [35mresponseTime[39m: 2
[18:05:27.554] [32mINFO[39m (11496): [36mrequest completed[39m
    [35mreq[39m: {
      "id": 203,
      "method": "GET",
      "url": "/"
    }
    [35mres[39m: {
      "statusCode": 404
    }
    [35mresponseTime[39m: 4
